digraph Tree {
node [shape=box, style="filled, rounded", color="black", fontname=helvetica] ;
edge [fontname=helvetica] ;
0 [label=<Account Balance &le; 2.5<br/>gini = 0.4189<br/>samples = 750<br/>value = [224, 526]<br/>class = credit rejected>, fillcolor="#399de592"] ;
1 [label=<Duration of Credit (month) &le; 22.5<br/>gini = 0.4945<br/>samples = 409<br/>value = [183, 226]<br/>class = credit rejected>, fillcolor="#399de531"] ;
0 -> 1 [labeldistance=2.5, labelangle=45, headlabel="True"] ;
2 [label=<Payment Status of Previous Credit &le; 1.5<br/>gini = 0.4501<br/>samples = 231<br/>value = [79, 152]<br/>class = credit rejected>, fillcolor="#399de57a"] ;
1 -> 2 ;
3 [label=<Telephone &le; 1.5<br/>gini = 0.3403<br/>samples = 23<br/>value = [18, 5]<br/>class = credit approved>, fillcolor="#e58139b8"] ;
2 -> 3 ;
4 [label="(...)", fillcolor="#C0C0C0"] ;
3 -> 4 ;
7 [label="(...)", fillcolor="#C0C0C0"] ;
3 -> 7 ;
10 [label=<Credit Amount &le; 7491.5<br/>gini = 0.4145<br/>samples = 208<br/>value = [61, 147]<br/>class = credit rejected>, fillcolor="#399de595"] ;
2 -> 10 ;
11 [label="(...)", fillcolor="#C0C0C0"] ;
10 -> 11 ;
102 [label="(...)", fillcolor="#C0C0C0"] ;
10 -> 102 ;
103 [label=<Value Savings/Stocks &le; 2.5<br/>gini = 0.4858<br/>samples = 178<br/>value = [104, 74]<br/>class = credit approved>, fillcolor="#e581394a"] ;
1 -> 103 ;
104 [label=<Credit Amount &le; 8015.5<br/>gini = 0.4546<br/>samples = 146<br/>value = [95, 51]<br/>class = credit approved>, fillcolor="#e5813976"] ;
103 -> 104 ;
105 [label="(...)", fillcolor="#C0C0C0"] ;
104 -> 105 ;
170 [label="(...)", fillcolor="#C0C0C0"] ;
104 -> 170 ;
179 [label=<Account Balance &le; 1.5<br/>gini = 0.4043<br/>samples = 32<br/>value = [9, 23]<br/>class = credit rejected>, fillcolor="#399de59b"] ;
103 -> 179 ;
180 [label="(...)", fillcolor="#C0C0C0"] ;
179 -> 180 ;
185 [label="(...)", fillcolor="#C0C0C0"] ;
179 -> 185 ;
190 [label=<Length of current employment &le; 3.5<br/>gini = 0.2116<br/>samples = 341<br/>value = [41, 300]<br/>class = credit rejected>, fillcolor="#399de5dc"] ;
0 -> 190 [labeldistance=2.5, labelangle=-45, headlabel="False"] ;
191 [label=<Credit Amount &le; 4152.0<br/>gini = 0.2982<br/>samples = 181<br/>value = [33, 148]<br/>class = credit rejected>, fillcolor="#399de5c6"] ;
190 -> 191 ;
192 [label=<Guarantors &le; 1.5<br/>gini = 0.2188<br/>samples = 144<br/>value = [18, 126]<br/>class = credit rejected>, fillcolor="#399de5db"] ;
191 -> 192 ;
193 [label="(...)", fillcolor="#C0C0C0"] ;
192 -> 193 ;
236 [label="(...)", fillcolor="#C0C0C0"] ;
192 -> 236 ;
241 [label=<Credit Amount &le; 9504.0<br/>gini = 0.4821<br/>samples = 37<br/>value = [15, 22]<br/>class = credit rejected>, fillcolor="#399de551"] ;
191 -> 241 ;
242 [label="(...)", fillcolor="#C0C0C0"] ;
241 -> 242 ;
257 [label="(...)", fillcolor="#C0C0C0"] ;
241 -> 257 ;
260 [label=<Concurrent Credits &le; 1.5<br/>gini = 0.095<br/>samples = 160<br/>value = [8, 152]<br/>class = credit rejected>, fillcolor="#399de5f2"] ;
190 -> 260 ;
261 [label=<Age (years) &le; 41.5<br/>gini = 0.375<br/>samples = 20<br/>value = [5, 15]<br/>class = credit rejected>, fillcolor="#399de5aa"] ;
260 -> 261 ;
262 [label="(...)", fillcolor="#C0C0C0"] ;
261 -> 262 ;
269 [label="(...)", fillcolor="#C0C0C0"] ;
261 -> 269 ;
270 [label=<Credit Amount &le; 11777.5<br/>gini = 0.0419<br/>samples = 140<br/>value = [3, 137]<br/>class = credit rejected>, fillcolor="#399de5f9"] ;
260 -> 270 ;
271 [label="(...)", fillcolor="#C0C0C0"] ;
270 -> 271 ;
280 [label="(...)", fillcolor="#C0C0C0"] ;
270 -> 280 ;
}